[debug] [2024-10-06T15:49:18.407Z] ----------------------------------------------------------------------
[debug] [2024-10-06T15:49:18.410Z] Command:       C:\Program Files\nodejs\node.exe C:\Users\Louis\AppData\Roaming\npm\node_modules\firebase-tools\lib\bin\firebase.js init
[debug] [2024-10-06T15:49:18.410Z] CLI Version:   13.20.2
[debug] [2024-10-06T15:49:18.411Z] Platform:      win32
[debug] [2024-10-06T15:49:18.411Z] Node Version:  v20.15.0
[debug] [2024-10-06T15:49:18.411Z] Time:          Sun Oct 06 2024 16:49:18 GMT+0100 (heure normale d’Afrique de l’Ouest)
[debug] [2024-10-06T15:49:18.411Z] ----------------------------------------------------------------------
[debug] 
[debug] [2024-10-06T15:49:18.416Z] >>> [apiv2][query] GET https://firebase-public.firebaseio.com/cli.json [none]
[debug] [2024-10-06T15:49:18.480Z] > command requires scopes: ["email","openid","https://www.googleapis.com/auth/cloudplatformprojects.readonly","https://www.googleapis.com/auth/firebase","https://www.googleapis.com/auth/cloud-platform"]
[debug] [2024-10-06T15:49:18.480Z] > authorizing via signed-in user (mandackpaplo@gmail.com)
[info] 
     ######## #### ########  ######## ########     ###     ######  ########
     ##        ##  ##     ## ##       ##     ##  ##   ##  ##       ##
     ######    ##  ########  ######   ########  #########  ######  ######
     ##        ##  ##    ##  ##       ##     ## ##     ##       ## ##
     ##       #### ##     ## ######## ########  ##     ##  ######  ########

You're about to initialize a Firebase project in this directory:

  C:\Users\Louis\Documents\GitHub\nasa_space_app_challenge2024_web_app

[debug] [2024-10-06T15:49:40.293Z] *** [apiv2] error from fetch(https://firebase-public.firebaseio.com/cli.json, {"headers":{},"method":"GET"}): FetchError: request to https://firebase-public.firebaseio.com/cli.json failed, reason: 
[warn] !  Unable to fetch the CLI MOTD and remote config. This is not a fatal error, but may indicate an issue with your network connection. 
[debug] [2024-10-06T15:49:40.297Z] Failed to fetch MOTD FirebaseError: Failed to make request to https://firebase-public.firebaseio.com/cli.json
[info] 
=== Project Setup
[info] 
[info] First, let's associate this project directory with a Firebase project.
[info] You can create multiple project aliases by running firebase use --add, 
[info] but for now we'll just set up a default project.
[info] 
[debug] [2024-10-06T15:50:13.765Z] Checked if tokens are valid: true, expires at: 1728233307830
[debug] [2024-10-06T15:50:13.765Z] Checked if tokens are valid: true, expires at: 1728233307830
[debug] [2024-10-06T15:50:13.766Z] >>> [apiv2][query] GET https://firebase.googleapis.com/v1beta1/availableProjects pageSize=100
[debug] [2024-10-06T15:50:14.844Z] <<< [apiv2][status] GET https://firebase.googleapis.com/v1beta1/availableProjects 200
[debug] [2024-10-06T15:50:14.844Z] <<< [apiv2][body] GET https://firebase.googleapis.com/v1beta1/availableProjects [omitted]
[debug] [2024-10-06T15:50:31.813Z] ----------------------------------------------------------------------
[debug] [2024-10-06T15:50:31.816Z] Command:       C:\Program Files\nodejs\node.exe C:\Users\Louis\AppData\Roaming\npm\node_modules\firebase-tools\lib\bin\firebase.js init
[debug] [2024-10-06T15:50:31.817Z] CLI Version:   13.20.2
[debug] [2024-10-06T15:50:31.817Z] Platform:      win32
[debug] [2024-10-06T15:50:31.817Z] Node Version:  v20.15.0
[debug] [2024-10-06T15:50:31.818Z] Time:          Sun Oct 06 2024 16:50:31 GMT+0100 (heure normale d’Afrique de l’Ouest)
[debug] [2024-10-06T15:50:31.818Z] ----------------------------------------------------------------------
[debug] 
[debug] [2024-10-06T15:50:31.823Z] >>> [apiv2][query] GET https://firebase-public.firebaseio.com/cli.json [none]
[debug] [2024-10-06T15:50:31.886Z] > command requires scopes: ["email","openid","https://www.googleapis.com/auth/cloudplatformprojects.readonly","https://www.googleapis.com/auth/firebase","https://www.googleapis.com/auth/cloud-platform"]
[debug] [2024-10-06T15:50:31.886Z] > authorizing via signed-in user (mandackpaplo@gmail.com)
[info] 
     ######## #### ########  ######## ########     ###     ######  ########
     ##        ##  ##     ## ##       ##     ##  ##   ##  ##       ##
     ######    ##  ########  ######   ########  #########  ######  ######
     ##        ##  ##    ##  ##       ##     ## ##     ##       ## ##
     ##       #### ##     ## ######## ########  ##     ##  ######  ########

You're about to initialize a Firebase project in this directory:

  C:\Users\Louis\Documents\GitHub\nasa_space_app_challenge2024_web_app

[debug] [2024-10-06T15:50:53.719Z] *** [apiv2] error from fetch(https://firebase-public.firebaseio.com/cli.json, {"headers":{},"method":"GET"}): FetchError: request to https://firebase-public.firebaseio.com/cli.json failed, reason: 
[warn] !  Unable to fetch the CLI MOTD and remote config. This is not a fatal error, but may indicate an issue with your network connection. 
[debug] [2024-10-06T15:50:53.720Z] Failed to fetch MOTD FirebaseError: Failed to make request to https://firebase-public.firebaseio.com/cli.json
[info] 
=== Project Setup
[info] 
[info] First, let's associate this project directory with a Firebase project.
[info] You can create multiple project aliases by running firebase use --add, 
[info] but for now we'll just set up a default project.
[info] 
[info] i  If you want to create a project in a Google Cloud organization or folder, please use "firebase projects:create" instead, and return to this command when you've created the project. 
[debug] [2024-10-06T15:53:21.196Z] Checked if tokens are valid: true, expires at: 1728233307830
[debug] [2024-10-06T15:53:21.196Z] Checked if tokens are valid: true, expires at: 1728233307830
[debug] [2024-10-06T15:53:21.197Z] >>> [apiv2][query] POST https://cloudresourcemanager.googleapis.com/v1/projects [none]
[debug] [2024-10-06T15:53:21.197Z] >>> [apiv2][body] POST https://cloudresourcemanager.googleapis.com/v1/projects {"projectId":"nasa_space_app","name":" "}
[debug] [2024-10-06T15:53:22.206Z] <<< [apiv2][status] POST https://cloudresourcemanager.googleapis.com/v1/projects 400
[debug] [2024-10-06T15:53:22.206Z] <<< [apiv2][body] POST https://cloudresourcemanager.googleapis.com/v1/projects {"error":{"code":400,"message":"Request contains an invalid argument.","status":"INVALID_ARGUMENT","details":[{"@type":"type.googleapis.com/google.rpc.BadRequest","fieldViolations":[{"field":"project_id","description":"project_id contains invalid characters"},{"field":"display_name","description":"project display name must be at least 4 characters"}]},{"@type":"type.googleapis.com/google.rpc.Help","links":[{"url":"https://cloud.google.com/resource-manager/reference/rest/v1/projects"}]}]}}
[debug] [2024-10-06T15:53:22.992Z] FirebaseError: HTTP Error: 400, Request contains an invalid argument.
    at responseToError (C:\Users\Louis\AppData\Roaming\npm\node_modules\firebase-tools\lib\responseToError.js:49:12)
    at RetryOperation._fn (C:\Users\Louis\AppData\Roaming\npm\node_modules\firebase-tools\lib\apiv2.js:312:77)
    at process.processTicksAndRejections (node:internal/process/task_queues:95:5)
[error] 
[error] Error: Failed to create project. See firebase-debug.log for more info.
[debug] [2024-10-06T15:53:37.693Z] ----------------------------------------------------------------------
[debug] [2024-10-06T15:53:37.697Z] Command:       C:\Program Files\nodejs\node.exe C:\Users\Louis\AppData\Roaming\npm\node_modules\firebase-tools\lib\bin\firebase.js init
[debug] [2024-10-06T15:53:37.697Z] CLI Version:   13.20.2
[debug] [2024-10-06T15:53:37.698Z] Platform:      win32
[debug] [2024-10-06T15:53:37.698Z] Node Version:  v20.15.0
[debug] [2024-10-06T15:53:37.698Z] Time:          Sun Oct 06 2024 16:53:37 GMT+0100 (heure normale d’Afrique de l’Ouest)
[debug] [2024-10-06T15:53:37.698Z] ----------------------------------------------------------------------
[debug] 
[debug] [2024-10-06T15:53:37.704Z] >>> [apiv2][query] GET https://firebase-public.firebaseio.com/cli.json [none]
[debug] [2024-10-06T15:53:37.772Z] > command requires scopes: ["email","openid","https://www.googleapis.com/auth/cloudplatformprojects.readonly","https://www.googleapis.com/auth/firebase","https://www.googleapis.com/auth/cloud-platform"]
[debug] [2024-10-06T15:53:37.772Z] > authorizing via signed-in user (mandackpaplo@gmail.com)
[info] 
     ######## #### ########  ######## ########     ###     ######  ########
     ##        ##  ##     ## ##       ##     ##  ##   ##  ##       ##
     ######    ##  ########  ######   ########  #########  ######  ######
     ##        ##  ##    ##  ##       ##     ## ##     ##       ## ##
     ##       #### ##     ## ######## ########  ##     ##  ######  ########

You're about to initialize a Firebase project in this directory:

  C:\Users\Louis\Documents\GitHub\nasa_space_app_challenge2024_web_app

[debug] [2024-10-06T15:53:59.781Z] *** [apiv2] error from fetch(https://firebase-public.firebaseio.com/cli.json, {"headers":{},"method":"GET"}): FetchError: request to https://firebase-public.firebaseio.com/cli.json failed, reason: 
[warn] !  Unable to fetch the CLI MOTD and remote config. This is not a fatal error, but may indicate an issue with your network connection. 
[debug] [2024-10-06T15:53:59.783Z] Failed to fetch MOTD FirebaseError: Failed to make request to https://firebase-public.firebaseio.com/cli.json
